<?xml version="1.0" encoding="UTF-8"?>
<!-- Generated by org.testng.reporters.JUnitReportReporter -->
<testsuite hostname="DESKTOP-E9GOOQI" failures="0" tests="2" name="com.acti.tests.TaskPageTests" time="26.608" errors="0" timestamp="25 Jan 2023 04:10:21 GMT" skipped="1">
  <testcase classname="com.acti.tests.TaskPageTests" name="testDeleteCustomer" time="26.608"/>
  <testcase classname="com.acti.tests.TaskPageTests" name="testCreateCustomer">
    <skipped/>
  </testcase> <!-- testCreateCustomer -->
</testsuite> <!-- com.acti.tests.TaskPageTests -->
