<?xml version="1.0" encoding="UTF-8"?>
<!-- Generated by org.testng.reporters.JUnitReportReporter -->
<testsuite hostname="DESKTOP-E9GOOQI" failures="0" tests="3" name="com.acti.tests.LoginPageTests" time="34.097" errors="0" timestamp="23 Jan 2023 19:11:33 GMT" skipped="0">
  <testcase classname="com.acti.tests.LoginPageTests" name="testLoginPageTitle" time="8.468"/>
  <testcase classname="com.acti.tests.LoginPageTests" name="testActiLogodisplayed" time="9.021"/>
  <testcase classname="com.acti.tests.LoginPageTests" name="testLoginFunction" time="16.608"/>
</testsuite> <!-- com.acti.tests.LoginPageTests -->
