<?xml version="1.0" encoding="UTF-8"?>
<!-- Generated by org.testng.reporters.JUnitReportReporter -->
<testsuite hostname="DESKTOP-E9GOOQI" failures="0" tests="3" name="com.acti.tests.LoginPageTests" time="41.588" errors="0" timestamp="25 Jan 2023 01:59:06 GMT" skipped="0">
  <testcase classname="com.acti.tests.LoginPageTests" name="testLoginPageTitle" time="15.530"/>
  <testcase classname="com.acti.tests.LoginPageTests" name="testActiLogodisplayed" time="9.147"/>
  <testcase classname="com.acti.tests.LoginPageTests" name="testLoginFunction" time="16.911"/>
</testsuite> <!-- com.acti.tests.LoginPageTests -->
