<?xml version="1.0" encoding="UTF-8"?>
<!-- Generated by org.testng.reporters.JUnitReportReporter -->
<testsuite hostname="DESKTOP-E9GOOQI" failures="0" tests="1" name="com.acti.page.LoginPage" time="10.552" errors="0" timestamp="20 Jan 2023 22:16:21 GMT" skipped="0">
  <testcase classname="com.acti.page.LoginPage" name="initApplication" time="10.552"/>
</testsuite> <!-- com.acti.page.LoginPage -->
